<?xml version="1.0" encoding="UTF-8"?>
<!-- Generated by org.testng.reporters.JUnitXMLReporter -->
<testsuite ignored="0" hostname="EERO" failures="0" tests="5" name="Surefire test" time="42.141" errors="0" timestamp="2024-04-29T20:00:28 IST">
  <testcase classname="Project1.tests.ErrorValidationTest" name="errorValidation" time="0.454"/>
  <testcase classname="Project1.tests.ErrorValidationTest" name="productErrorValidation" time="6.122"/>
  <testcase classname="Project1.tests.SubmitOrderTest" name="submitOrder" time="7.141"/>
  <testcase classname="Project1.tests.SubmitOrderTest" name="submitOrder" time="7.177"/>
  <testcase classname="Project1.tests.SubmitOrderTest" name="OrderDisplay" time="6.012"/>
</testsuite> <!-- Surefire test -->
