<?xml version="1.0" encoding="UTF-8"?>
<!-- Generated by org.testng.reporters.JUnitXMLReporter -->
<testsuite ignored="2" hostname="EERO" failures="0" tests="0" time="0.002" errors="0" timestamp="2024-04-29T19:33:29 IST">
  <testcase classname="Project1.tests.ErrorValidationTest" name="errorValidation" time="0.0">
    <ignored/>
  </testcase> <!-- errorValidation -->
  <testcase classname="Project1.tests.ErrorValidationTest" name="productErrorValidation" time="0.0">
    <ignored/>
  </testcase> <!-- productErrorValidation -->
</testsuite>
