<?xml version="1.0" encoding="UTF-8"?>
<!-- Generated by org.testng.reporters.JUnitXMLReporter -->
<testsuite ignored="1" hostname="EERO" failures="0" tests="2" name="Submit order test" time="18.289" errors="0" timestamp="2024-04-29T19:33:29 IST">
  <testcase classname="Project1.tests.SubmitOrderTest" name="submitOrder" time="6.997"/>
  <testcase classname="Project1.tests.SubmitOrderTest" name="submitOrder" time="6.851"/>
  <testcase classname="Project1.tests.SubmitOrderTest" name="OrderDisplay" time="0.0">
    <ignored/>
  </testcase> <!-- OrderDisplay -->
</testsuite> <!-- Submit order test -->
