<?xml version="1.0" encoding="UTF-8"?>
<!-- Generated by org.testng.reporters.JUnitXMLReporter -->
<testsuite ignored="4" hostname="EERO" failures="2" tests="2" name="Test" time="0.048" errors="0" timestamp="2024-01-29T19:42:55 IST">
  <testcase classname="Project1.tests.SubmitOrderTest" name="submitOrder" time="0.005">
    <failure type="java.lang.NullPointerException" message="Cannot invoke &amp;quot;Project1.pageObjectModel.LoginPage.login(String, String)&amp;quot; because &amp;quot;this.loginPage&amp;quot; is null">
      <![CDATA[java.lang.NullPointerException: Cannot invoke "Project1.pageObjectModel.LoginPage.login(String, String)" because "this.loginPage" is null
at Project1.tests.SubmitOrderTest.submitOrder(SubmitOrderTest.java:40)
at java.base/java.util.ArrayList.forEach(ArrayList.java:1511)
... Removed 27 stack frames]]>
    </failure>
  </testcase> <!-- submitOrder -->
  <testcase classname="Project1.tests.SubmitOrderTest" name="submitOrder" time="0.0">
    <failure type="java.lang.NullPointerException" message="Cannot invoke &amp;quot;Project1.pageObjectModel.LoginPage.login(String, String)&amp;quot; because &amp;quot;this.loginPage&amp;quot; is null">
      <![CDATA[java.lang.NullPointerException: Cannot invoke "Project1.pageObjectModel.LoginPage.login(String, String)" because "this.loginPage" is null
at Project1.tests.SubmitOrderTest.submitOrder(SubmitOrderTest.java:40)
at java.base/java.util.ArrayList.forEach(ArrayList.java:1511)
... Removed 27 stack frames]]>
    </failure>
  </testcase> <!-- submitOrder -->
  <testcase classname="Project2.StreamPractice" name="practice1" time="0.0">
    <ignored/>
  </testcase> <!-- practice1 -->
  <testcase classname="Project1.tests.ErrorValidationTest" name="errorValidation" time="0.0">
    <ignored/>
  </testcase> <!-- errorValidation -->
  <testcase classname="Project1.tests.ErrorValidationTest" name="productErrorValidation" time="0.0">
    <ignored/>
  </testcase> <!-- productErrorValidation -->
  <testcase classname="Project1.tests.SubmitOrderTest" name="OrderDisplay" time="0.0">
    <ignored/>
  </testcase> <!-- OrderDisplay -->
</testsuite> <!-- Test -->
