<?xml version="1.0" encoding="UTF-8"?>
<testng-results ignored="0" total="2" passed="2" failed="0" skipped="0">
  <reporter-output>
  </reporter-output>
  <suite started-at="2024-05-02T19:25:57 IST" name="Suite" finished-at="2024-05-02T19:26:21 IST" duration-ms="24076">
    <groups>
      <group name="purchase">
        <method signature="SubmitOrderTest.submitOrder(java.util.HashMap)[pri:0, instance:Project1.tests.SubmitOrderTest@1a451d4d]" name="submitOrder" class="Project1.tests.SubmitOrderTest"/>
      </group> <!-- purchase -->
    </groups>
    <test started-at="2024-05-02T19:25:57 IST" name="Submit order test" finished-at="2024-05-02T19:26:21 IST" duration-ms="24034">
      <class name="Project1.tests.SubmitOrderTest">
        <test-method is-config="true" signature="launchApplication()[pri:0, instance:Project1.tests.SubmitOrderTest@1a451d4d]" started-at="2024-05-02T19:25:57 IST" name="launchApplication" finished-at="2024-05-02T19:26:01 IST" duration-ms="3740" status="PASS">
          <reporter-output>
          </reporter-output>
        </test-method> <!-- launchApplication -->
        <test-method signature="submitOrder(java.util.HashMap)[pri:0, instance:Project1.tests.SubmitOrderTest@1a451d4d]" started-at="2024-05-02T19:26:01 IST" name="submitOrder" data-provider="getData" finished-at="2024-05-02T19:26:08 IST" duration-ms="7773" status="PASS">
          <params>
            <param index="0">
              <value>
                <![CDATA[{password=Bashaa@1998, email=nikki@gmail.com, productName=ZARA COAT 3}]]>
              </value>
            </param>
          </params>
          <reporter-output>
          </reporter-output>
        </test-method> <!-- submitOrder -->
        <test-method is-config="true" signature="tearDown()[pri:0, instance:Project1.tests.SubmitOrderTest@1a451d4d]" started-at="2024-05-02T19:26:08 IST" name="tearDown" finished-at="2024-05-02T19:26:08 IST" duration-ms="115" status="PASS">
          <reporter-output>
          </reporter-output>
        </test-method> <!-- tearDown -->
        <test-method is-config="true" signature="launchApplication()[pri:0, instance:Project1.tests.SubmitOrderTest@1a451d4d]" started-at="2024-05-02T19:26:08 IST" name="launchApplication" finished-at="2024-05-02T19:26:13 IST" duration-ms="4382" status="PASS">
          <reporter-output>
          </reporter-output>
        </test-method> <!-- launchApplication -->
        <test-method signature="submitOrder(java.util.HashMap)[pri:0, instance:Project1.tests.SubmitOrderTest@1a451d4d]" started-at="2024-05-02T19:26:13 IST" name="submitOrder" data-provider="getData" finished-at="2024-05-02T19:26:20 IST" duration-ms="7680" status="PASS">
          <params>
            <param index="0">
              <value>
                <![CDATA[{password=Bashaa@1998, email=nikki123@gmail.com, productName=ADIDAS ORIGINAL}]]>
              </value>
            </param>
          </params>
          <reporter-output>
          </reporter-output>
        </test-method> <!-- submitOrder -->
        <test-method is-config="true" signature="tearDown()[pri:0, instance:Project1.tests.SubmitOrderTest@1a451d4d]" started-at="2024-05-02T19:26:20 IST" name="tearDown" finished-at="2024-05-02T19:26:21 IST" duration-ms="114" status="PASS">
          <reporter-output>
          </reporter-output>
        </test-method> <!-- tearDown -->
      </class> <!-- Project1.tests.SubmitOrderTest -->
    </test> <!-- Submit order test -->
    <test started-at="2024-05-02T19:26:21 IST" name="Error validation test" finished-at="2024-05-02T19:26:21 IST" duration-ms="1">
    </test> <!-- Error validation test -->
  </suite> <!-- Suite -->
</testng-results>
