<?xml version="1.0" encoding="UTF-8"?>
<testng-results ignored="3" total="5" passed="2" failed="0" skipped="0">
  <reporter-output>
  </reporter-output>
  <suite started-at="2024-04-29T19:33:11 IST" name="Suite" finished-at="2024-04-29T19:33:29 IST" duration-ms="18304">
    <groups>
      <group name="purchase">
        <method signature="SubmitOrderTest.submitOrder(java.util.HashMap)[pri:0, instance:Project1.tests.SubmitOrderTest@7fee8714]" name="submitOrder" class="Project1.tests.SubmitOrderTest"/>
      </group> <!-- purchase -->
    </groups>
    <test started-at="2024-04-29T19:33:11 IST" name="Submit order test" finished-at="2024-04-29T19:33:29 IST" duration-ms="18289">
      <class name="Project1.tests.SubmitOrderTest">
        <test-method is-config="true" signature="launchApplication()[pri:0, instance:Project1.tests.SubmitOrderTest@7fee8714]" started-at="2024-04-29T19:33:11 IST" name="launchApplication" finished-at="2024-04-29T19:33:14 IST" duration-ms="2534" status="PASS">
          <reporter-output>
          </reporter-output>
        </test-method> <!-- launchApplication -->
        <test-method signature="submitOrder(java.util.HashMap)[pri:0, instance:Project1.tests.SubmitOrderTest@7fee8714]" started-at="2024-04-29T19:33:14 IST" name="submitOrder" data-provider="getData" finished-at="2024-04-29T19:33:21 IST" duration-ms="6997" status="PASS">
          <params>
            <param index="0">
              <value>
                <![CDATA[{password=Bashaa@1998, email=nikki@gmail.com, productName=ZARA COAT 3}]]>
              </value>
            </param>
          </params>
          <reporter-output>
          </reporter-output>
        </test-method> <!-- submitOrder -->
        <test-method is-config="true" signature="tearDown()[pri:0, instance:Project1.tests.SubmitOrderTest@7fee8714]" started-at="2024-04-29T19:33:21 IST" name="tearDown" finished-at="2024-04-29T19:33:21 IST" duration-ms="102" status="PASS">
          <reporter-output>
          </reporter-output>
        </test-method> <!-- tearDown -->
        <test-method is-config="true" signature="launchApplication()[pri:0, instance:Project1.tests.SubmitOrderTest@7fee8714]" started-at="2024-04-29T19:33:21 IST" name="launchApplication" finished-at="2024-04-29T19:33:22 IST" duration-ms="1481" status="PASS">
          <reporter-output>
          </reporter-output>
        </test-method> <!-- launchApplication -->
        <test-method signature="submitOrder(java.util.HashMap)[pri:0, instance:Project1.tests.SubmitOrderTest@7fee8714]" started-at="2024-04-29T19:33:22 IST" name="submitOrder" data-provider="getData" finished-at="2024-04-29T19:33:29 IST" duration-ms="6851" status="PASS">
          <params>
            <param index="0">
              <value>
                <![CDATA[{password=Bashaa@1998, email=nikki123@gmail.com, productName=ADIDAS ORIGINAL}]]>
              </value>
            </param>
          </params>
          <reporter-output>
          </reporter-output>
        </test-method> <!-- submitOrder -->
        <test-method is-config="true" signature="tearDown()[pri:0, instance:Project1.tests.SubmitOrderTest@7fee8714]" started-at="2024-04-29T19:33:29 IST" name="tearDown" finished-at="2024-04-29T19:33:29 IST" duration-ms="97" status="PASS">
          <reporter-output>
          </reporter-output>
        </test-method> <!-- tearDown -->
      </class> <!-- Project1.tests.SubmitOrderTest -->
    </test> <!-- Submit order test -->
    <test started-at="2024-04-29T19:33:29 IST" name="Error validation test" finished-at="2024-04-29T19:33:29 IST" duration-ms="2">
    </test> <!-- Error validation test -->
  </suite> <!-- Suite -->
</testng-results>
